<?xml version="1.0" encoding="UTF-8"?>
<!-- Generated by org.testng.reporters.JUnitXMLReporter -->
<testsuite ignored="0" hostname="AshrithPC" failures="0" tests="3" name="Default test" time="0.048" errors="0" timestamp="2024-12-13T12:22:39 IST">
  <testcase classname="dataDrivenTestingAlternateDataProvier.DataProviderExampleToExtractDataFromClassNamedCustomizedDataProvider13122024" name="LoginTest" time="0.007"/>
  <testcase classname="dataDrivenTestingAlternateDataProvier.DataProviderExampleToExtractDataFromClassNamedCustomizedDataProvider13122024" name="LoginTest" time="0.001"/>
  <testcase classname="dataDrivenTestingAlternateDataProvier.DataProviderExampleToExtractDataFromClassNamedCustomizedDataProvider13122024" name="LoginTest" time="0.0"/>
</testsuite> <!-- Default test -->
